Using pre-set license

 COMMAND LINE ARGUMENTS:
/Applications/Unity/Hub/Editor/2020.2.1f1/Unity.app/Contents/MacOS/Unity
-adb2
-batchMode
-noUpm
-name
AssetImportWorker0
-projectPath
/Users/tamio/Documents/UnityProjects/Unity2DCourse/Laser-Defender
-logFile
Logs/AssetImportWorker0.log
-srvPort
49572
Successfully changed project path to: /Users/tamio/Documents/UnityProjects/Unity2DCourse/Laser-Defender
/Users/tamio/Documents/UnityProjects/Unity2DCourse/Laser-Defender
Using Asset Import Pipeline V2.
Refreshing native plugins compatible for Editor in 97.77 ms, found 2 plugins.
Preloading 0 native plugins for Editor in 0.00 ms.
Initialize engine version: 2020.2.1f1 (270dd8c3da1c)
[Subsystems] Discovering subsystems at path /Applications/Unity/Hub/Editor/2020.2.1f1/Unity.app/Contents/Resources/UnitySubsystems
[Subsystems] Discovering subsystems at path /Users/tamio/Documents/UnityProjects/Unity2DCourse/Laser-Defender/Assets
GfxDevice: creating device client; threaded=0
2021-01-29 06:03:16.040 Unity[2852:18425] VE247 preferred device: NVIDIA GeForce GT 650M (high power)
2021-01-29 06:03:16.040 Unity[2852:18425] Metal devices available: 2
2021-01-29 06:03:16.040 Unity[2852:18425] 0: NVIDIA GeForce GT 650M (high power)
2021-01-29 06:03:16.040 Unity[2852:18425] 1: Intel HD Graphics 4000 (low power)
2021-01-29 06:03:16.041 Unity[2852:18425] Using device NVIDIA GeForce GT 650M (high power)
Initializing Metal device caps: NVIDIA GeForce GT 650M
Initialize mono
Mono path[0] = '/Applications/Unity/Hub/Editor/2020.2.1f1/Unity.app/Contents/Managed'
Mono path[1] = '/Applications/Unity/Hub/Editor/2020.2.1f1/Unity.app/Contents/MonoBleedingEdge/lib/mono/unityjit'
Mono config path = '/Applications/Unity/Hub/Editor/2020.2.1f1/Unity.app/Contents/MonoBleedingEdge/etc'
Using monoOptions --debugger-agent=transport=dt_socket,embedding=1,server=y,suspend=n,address=127.0.0.1:56852
Begin MonoManager ReloadAssembly
Registering precompiled unity dll's ...
Register platform support module: /Applications/Unity/Hub/Editor/2020.2.1f1/PlaybackEngines/WebGLSupport/UnityEditor.WebGL.Extensions.dll
Register platform support module: /Applications/Unity/Hub/Editor/2020.2.1f1/Unity.app/Contents/PlaybackEngines/MacStandaloneSupport/UnityEditor.OSXStandalone.Extensions.dll
Registered in 0.001895 seconds.
Native extension for OSXStandalone target not found
Native extension for WebGL target not found
Refreshing native plugins compatible for Editor in 54.06 ms, found 2 plugins.
Preloading 0 native plugins for Editor in 0.00 ms.
Invoked RoslynAnalysisRunner static constructor.
RoslynAnalysisRunner will not be running.
RoslynAnalysisRunner has terminated.
Mono: successfully reloaded assembly
- Completed reload, in  7.824 seconds
Platform modules already initialized, skipping
Registering precompiled user dll's ...
Registered in 0.001719 seconds.
Begin MonoManager ReloadAssembly
Native extension for OSXStandalone target not found
Native extension for WebGL target not found
Refreshing native plugins compatible for Editor in 55.45 ms, found 2 plugins.
Preloading 0 native plugins for Editor in 0.00 ms.
Invoked RoslynAnalysisRunner static constructor.
RoslynAnalysisRunner will not be running.
RoslynAnalysisRunner has terminated.
Mono: successfully reloaded assembly
- Completed reload, in  1.513 seconds
Platform modules already initialized, skipping
========================================================================
Worker process is ready to serve import requests
Launching external process: /Applications/Unity/Hub/Editor/2020.2.1f1/Unity.app/Contents/Tools/UnityShaderCompiler
Launched and connected shader compiler UnityShaderCompiler after 0.03 seconds
Refreshing native plugins compatible for Editor in 0.44 ms, found 2 plugins.
Preloading 0 native plugins for Editor in 0.00 ms.
Unloading 1792 Unused Serialized files (Serialized files now loaded: 0)
System memory in use before: 147.3 MB.
System memory in use after: 147.3 MB.

Unloading 24 unused Assets to reduce memory usage. Loaded Objects now: 2231.
Total: 2.884713 ms (FindLiveObjects: 0.252963 ms CreateObjectMapping: 0.098365 ms MarkObjects: 2.374862 ms  DeleteObjects: 0.156885 ms)

========================================================================
Received Import Request.
  path: Assets/Scripts/Shredder.cs
  artifactKey: Guid(89861b1b783b64128a505aa12ca6b933) Importer(815301076,1909f56bfc062723c751e8b465ee728b)
Start importing Assets/Scripts/Shredder.cs using Guid(89861b1b783b64128a505aa12ca6b933) Importer(815301076,1909f56bfc062723c751e8b465ee728b)  -> (artifact id: 'da0d14090a12733548957c270158782c') in 0.533608 seconds
  Import took 0.537258 seconds .

========================================================================
Received Prepare
Registering precompiled user dll's ...
Registered in 0.000770 seconds.
Begin MonoManager ReloadAssembly
Native extension for OSXStandalone target not found
Native extension for WebGL target not found
Refreshing native plugins compatible for Editor in 0.56 ms, found 2 plugins.
Preloading 0 native plugins for Editor in 0.00 ms.
Invoked RoslynAnalysisRunner static constructor.
RoslynAnalysisRunner will not be running.
RoslynAnalysisRunner has terminated.
Mono: successfully reloaded assembly
- Completed reload, in  1.348 seconds
Platform modules already initialized, skipping
Refreshing native plugins compatible for Editor in 0.47 ms, found 2 plugins.
Preloading 0 native plugins for Editor in 0.00 ms.
Unloading 1787 Unused Serialized files (Serialized files now loaded: 0)
System memory in use before: 152.0 MB.
System memory in use after: 152.0 MB.

Unloading 12 unused Assets to reduce memory usage. Loaded Objects now: 2234.
Total: 2.791842 ms (FindLiveObjects: 0.280517 ms CreateObjectMapping: 0.167506 ms MarkObjects: 2.226636 ms  DeleteObjects: 0.115592 ms)

========================================================================
Received Import Request.
  Time since last request: 36.671225 seconds.
  path: Assets/Scripts/Shredder.cs
  artifactKey: Guid(89861b1b783b64128a505aa12ca6b933) Importer(815301076,1909f56bfc062723c751e8b465ee728b)
Start importing Assets/Scripts/Shredder.cs using Guid(89861b1b783b64128a505aa12ca6b933) Importer(815301076,1909f56bfc062723c751e8b465ee728b)  -> (artifact id: '8254b7595a391b0467f4a0d66030dd80') in 0.006083 seconds
  Import took 0.010698 seconds .

