Using pre-set license

 COMMAND LINE ARGUMENTS:
/Applications/Unity/Hub/Editor/2020.2.1f1/Unity.app/Contents/MacOS/Unity
-adb2
-batchMode
-noUpm
-name
AssetImportWorker0
-projectPath
/Users/tamio/Documents/UnityProjects/Unity2DCourse/Laser-Defender
-logFile
Logs/AssetImportWorker0.log
-srvPort
50443
Successfully changed project path to: /Users/tamio/Documents/UnityProjects/Unity2DCourse/Laser-Defender
/Users/tamio/Documents/UnityProjects/Unity2DCourse/Laser-Defender
Using Asset Import Pipeline V2.
Refreshing native plugins compatible for Editor in 59.00 ms, found 2 plugins.
Preloading 0 native plugins for Editor in 0.00 ms.
Initialize engine version: 2020.2.1f1 (270dd8c3da1c)
[Subsystems] Discovering subsystems at path /Applications/Unity/Hub/Editor/2020.2.1f1/Unity.app/Contents/Resources/UnitySubsystems
[Subsystems] Discovering subsystems at path /Users/tamio/Documents/UnityProjects/Unity2DCourse/Laser-Defender/Assets
GfxDevice: creating device client; threaded=0
2021-04-16 21:22:37.421 Unity[53767:2369282] Color LCD preferred device: NVIDIA GeForce GT 650M (high power)
2021-04-16 21:22:37.421 Unity[53767:2369282] Metal devices available: 2
2021-04-16 21:22:37.421 Unity[53767:2369282] 0: NVIDIA GeForce GT 650M (high power)
2021-04-16 21:22:37.421 Unity[53767:2369282] 1: Intel HD Graphics 4000 (low power)
2021-04-16 21:22:37.422 Unity[53767:2369282] Using device NVIDIA GeForce GT 650M (high power)
Initializing Metal device caps: NVIDIA GeForce GT 650M
Initialize mono
Mono path[0] = '/Applications/Unity/Hub/Editor/2020.2.1f1/Unity.app/Contents/Managed'
Mono path[1] = '/Applications/Unity/Hub/Editor/2020.2.1f1/Unity.app/Contents/MonoBleedingEdge/lib/mono/unityjit'
Mono config path = '/Applications/Unity/Hub/Editor/2020.2.1f1/Unity.app/Contents/MonoBleedingEdge/etc'
Using monoOptions --debugger-agent=transport=dt_socket,embedding=1,server=y,suspend=n,address=127.0.0.1:56767
Begin MonoManager ReloadAssembly
Registering precompiled unity dll's ...
Register platform support module: /Applications/Unity/Hub/Editor/2020.2.1f1/PlaybackEngines/WebGLSupport/UnityEditor.WebGL.Extensions.dll
Register platform support module: /Applications/Unity/Hub/Editor/2020.2.1f1/Unity.app/Contents/PlaybackEngines/MacStandaloneSupport/UnityEditor.OSXStandalone.Extensions.dll
Registered in 0.003033 seconds.
Native extension for OSXStandalone target not found
Native extension for WebGL target not found
Refreshing native plugins compatible for Editor in 58.89 ms, found 2 plugins.
Preloading 0 native plugins for Editor in 0.00 ms.
Invoked RoslynAnalysisRunner static constructor.
RoslynAnalysisRunner will not be running.
RoslynAnalysisRunner has terminated.
Mono: successfully reloaded assembly
- Completed reload, in  4.351 seconds
Platform modules already initialized, skipping
Registering precompiled user dll's ...
Registered in 0.000834 seconds.
Begin MonoManager ReloadAssembly
Native extension for OSXStandalone target not found
Native extension for WebGL target not found
Refreshing native plugins compatible for Editor in 56.32 ms, found 2 plugins.
Preloading 0 native plugins for Editor in 0.00 ms.
Invoked RoslynAnalysisRunner static constructor.
RoslynAnalysisRunner will not be running.
RoslynAnalysisRunner has terminated.
Mono: successfully reloaded assembly
- Completed reload, in  1.484 seconds
Platform modules already initialized, skipping
========================================================================
Worker process is ready to serve import requests
Launching external process: /Applications/Unity/Hub/Editor/2020.2.1f1/Unity.app/Contents/Tools/UnityShaderCompiler
Launched and connected shader compiler UnityShaderCompiler after 0.02 seconds
Refreshing native plugins compatible for Editor in 0.53 ms, found 2 plugins.
Preloading 0 native plugins for Editor in 0.00 ms.
Unloading 1844 Unused Serialized files (Serialized files now loaded: 0)
System memory in use before: 151.6 MB.
System memory in use after: 151.5 MB.

Unloading 24 unused Assets to reduce memory usage. Loaded Objects now: 2288.
Total: 2.483536 ms (FindLiveObjects: 0.223809 ms CreateObjectMapping: 0.072307 ms MarkObjects: 2.027612 ms  DeleteObjects: 0.158151 ms)

========================================================================
Received Import Request.
  path: Assets/Scenes/Start Menu.unity
  artifactKey: Guid(3e0f4aa7ddba84d3c9473eda529e0a50) Importer(815301076,1909f56bfc062723c751e8b465ee728b)
Start importing Assets/Scenes/Start Menu.unity using Guid(3e0f4aa7ddba84d3c9473eda529e0a50) Importer(815301076,1909f56bfc062723c751e8b465ee728b)  -> (artifact id: '3a611916bd9ebe4fae897dabbe459f7f') in 0.014073 seconds
  Import took 0.017631 seconds .

